<?xml version="1.0" encoding="UTF-8"?>
<!-- Generated by org.testng.reporters.JUnitReportReporter -->
<testsuite hostname="5CD138MBFT" failures="0" tests="4" name="testCases.TC003_LoginDDT" time="23.836" errors="0" timestamp="2024-08-29T23:46:50 IST" skipped="0">
  <testcase classname="testCases.TC003_LoginDDT" name="verify_loginDDT" time="1.316"/>
  <testcase classname="testCases.TC003_LoginDDT" name="verify_loginDDT" time="1.153"/>
  <testcase classname="testCases.TC003_LoginDDT" name="verify_loginDDT" time="10.671"/>
  <testcase classname="testCases.TC003_LoginDDT" name="verify_loginDDT" time="10.696"/>
</testsuite> <!-- testCases.TC003_LoginDDT -->
