<?xml version="1.0" encoding="UTF-8"?>
<!-- Generated by org.testng.reporters.JUnitReportReporter -->
<testsuite hostname="5CD138MBFT" failures="0" tests="1" name="testCases.TC001_AccountRegistrationTest" time="1.424" errors="0" timestamp="2024-09-16T11:48:43 IST" skipped="0">
  <testcase classname="testCases.TC001_AccountRegistrationTest" name="verify_account_registration" time="1.424"/>
</testsuite> <!-- testCases.TC001_AccountRegistrationTest -->
